1664805333893	geckodriver	INFO	Listening on 127.0.0.1:60179

Command '/usr/bin/firefox' requires the firefox snap to be installed.
Please install it with:

snap install firefox

1664805334508	mozrunner::runner	INFO	Running command: "/usr/bin/firefox" "--marionette" "--remote-debugging-port" "60599" "--remote-allow-hosts" "localhost" "-no-remote" "-profile" "/tmp/rust_mozprofileVFcKc0"

Command '/usr/bin/firefox' requires the firefox snap to be installed.
Please install it with:

snap install firefox

1664805403133	geckodriver	INFO	Listening on 127.0.0.1:50211

Command '/usr/bin/firefox' requires the firefox snap to be installed.
Please install it with:

snap install firefox

1664805403656	mozrunner::runner	INFO	Running command: "/usr/bin/firefox" "--marionette" "-headless" "--remote-debugging-port" "58765" "--remote-allow-hosts" "localhost" "-no-remote" "-profile" "/tmp/rust_mozprofileVdF0FE"

Command '/usr/bin/firefox' requires the firefox snap to be installed.
Please install it with:

snap install firefox

1664805760071	geckodriver	INFO	Listening on 127.0.0.1:41261

Command '/usr/bin/firefox' requires the firefox snap to be installed.
Please install it with:

snap install firefox

1664805760693	mozrunner::runner	INFO	Running command: "/usr/bin/firefox" "--marionette" "-headless" "--remote-debugging-port" "37157" "--remote-allow-hosts" "localhost" "-no-remote" "-profile" "/tmp/rust_mozprofile6AEJHx"

Command '/usr/bin/firefox' requires the firefox snap to be installed.
Please install it with:

snap install firefox

1664805862526	geckodriver	INFO	Listening on 127.0.0.1:37889

Command '/usr/bin/firefox' requires the firefox snap to be installed.
Please install it with:

snap install firefox

1664805863053	mozrunner::runner	INFO	Running command: "/usr/bin/firefox" "--marionette" "-headless" "--remote-debugging-port" "54435" "--remote-allow-hosts" "localhost" "-no-remote" "-profile" "/tmp/rust_mozprofilemXHbhU"

Command '/usr/bin/firefox' requires the firefox snap to be installed.
Please install it with:

snap install firefox

1664806132267	geckodriver	INFO	Listening on 127.0.0.1:35939

Command '/usr/bin/firefox' requires the firefox snap to be installed.
Please install it with:

snap install firefox

1664806132770	mozrunner::runner	INFO	Running command: "/usr/bin/firefox" "--marionette" "-headless" "--remote-debugging-port" "44971" "--remote-allow-hosts" "localhost" "-no-remote" "-profile" "/tmp/rust_mozprofilewcgkhP"

Command '/usr/bin/firefox' requires the firefox snap to be installed.
Please install it with:

snap install firefox

1664806246217	geckodriver	INFO	Listening on 127.0.0.1:56081

Command '/usr/bin/firefox' requires the firefox snap to be installed.
Please install it with:

snap install firefox

1664806246828	mozrunner::runner	INFO	Running command: "/usr/bin/firefox" "--marionette" "--remote-debugging-port" "52753" "--remote-allow-hosts" "localhost" "-no-remote" "-profile" "/tmp/rust_mozprofilen7j1Zu"

Command '/usr/bin/firefox' requires the firefox snap to be installed.
Please install it with:

snap install firefox

1664806304894	geckodriver	INFO	Listening on 127.0.0.1:49613

Command '/usr/bin/firefox' requires the firefox snap to be installed.
Please install it with:

snap install firefox

1664806305503	mozrunner::runner	INFO	Running command: "/usr/bin/firefox" "--marionette" "-headless" "--remote-debugging-port" "59967" "--remote-allow-hosts" "localhost" "-no-remote" "-profile" "/tmp/rust_mozprofileWb2uPj"

Command '/usr/bin/firefox' requires the firefox snap to be installed.
Please install it with:

snap install firefox

1664806360711	geckodriver	INFO	Listening on 127.0.0.1:50907

Command '/usr/bin/firefox' requires the firefox snap to be installed.
Please install it with:

snap install firefox

1664806361295	mozrunner::runner	INFO	Running command: "/usr/bin/firefox" "--marionette" "-headless" "--remote-debugging-port" "44645" "--remote-allow-hosts" "localhost" "-no-remote" "-profile" "/tmp/rust_mozprofileSfsdjh"

Command '/usr/bin/firefox' requires the firefox snap to be installed.
Please install it with:

snap install firefox

1664806427099	geckodriver	INFO	Listening on 127.0.0.1:46665

Command '/usr/bin/firefox' requires the firefox snap to be installed.
Please install it with:

snap install firefox

1664806427663	mozrunner::runner	INFO	Running command: "/usr/bin/firefox" "--marionette" "--remote-debugging-port" "34275" "--remote-allow-hosts" "localhost" "-no-remote" "-profile" "/tmp/rust_mozprofilebgRoTb"

Command '/usr/bin/firefox' requires the firefox snap to be installed.
Please install it with:

snap install firefox

1664806576179	geckodriver	INFO	Listening on 127.0.0.1:38097

Command '/usr/bin/firefox' requires the firefox snap to be installed.
Please install it with:

snap install firefox

1664806576776	mozrunner::runner	INFO	Running command: "/usr/bin/firefox" "--marionette" "-headless" "--remote-debugging-port" "57415" "--remote-allow-hosts" "localhost" "-no-remote" "-profile" "/tmp/rust_mozprofileJV3w2C"

Command '/usr/bin/firefox' requires the firefox snap to be installed.
Please install it with:

snap install firefox

1664806660453	geckodriver	INFO	Listening on 127.0.0.1:57199

Command '/usr/bin/firefox' requires the firefox snap to be installed.
Please install it with:

snap install firefox

1664806661059	mozrunner::runner	INFO	Running command: "/usr/bin/firefox" "--marionette" "--remote-debugging-port" "37707" "--remote-allow-hosts" "localhost" "-no-remote" "-profile" "/tmp/rust_mozprofile4Sh7Ur"

Command '/usr/bin/firefox' requires the firefox snap to be installed.
Please install it with:

snap install firefox

1664806730621	geckodriver	INFO	Listening on 127.0.0.1:52329

Command '/usr/bin/firefox' requires the firefox snap to be installed.
Please install it with:

snap install firefox

1664806731238	mozrunner::runner	INFO	Running command: "/usr/bin/firefox" "--marionette" "-headless" "--remote-debugging-port" "43361" "--remote-allow-hosts" "localhost" "-no-remote" "-profile" "/tmp/rust_mozprofilelCItl2"

Command '/usr/bin/firefox' requires the firefox snap to be installed.
Please install it with:

snap install firefox

1664806760765	geckodriver	INFO	Listening on 127.0.0.1:37083

Command '/usr/bin/firefox' requires the firefox snap to be installed.
Please install it with:

snap install firefox

1664806761373	mozrunner::runner	INFO	Running command: "/usr/bin/firefox" "--marionette" "--remote-debugging-port" "41953" "--remote-allow-hosts" "localhost" "-no-remote" "-profile" "/tmp/rust_mozprofile345MjW"

Command '/usr/bin/firefox' requires the firefox snap to be installed.
Please install it with:

snap install firefox

1664807097270	geckodriver	INFO	Listening on 127.0.0.1:52121

Command '/usr/local/bin/firefox' requires the firefox snap to be installed.
Please install it with:

snap install firefox

1664807097873	mozrunner::runner	INFO	Running command: "/usr/local/bin/firefox" "--marionette" "--remote-debugging-port" "51305" "--remote-allow-hosts" "localhost" "-no-remote" "-profile" "/tmp/rust_mozprofileutAbln"

Command '/usr/local/bin/firefox' requires the firefox snap to be installed.
Please install it with:

snap install firefox

1664807213416	geckodriver	INFO	Listening on 127.0.0.1:58963

Command '/usr/bin/firefox' requires the firefox snap to be installed.
Please install it with:

snap install firefox

1664807214036	mozrunner::runner	INFO	Running command: "/usr/bin/firefox" "--marionette" "-headless" "--remote-debugging-port" "54533" "--remote-allow-hosts" "localhost" "-no-remote" "-profile" "/tmp/rust_mozprofile6jEY42"

Command '/usr/bin/firefox' requires the firefox snap to be installed.
Please install it with:

snap install firefox

1664807247474	geckodriver	INFO	Listening on 127.0.0.1:54157

Command '/usr/bin/firefox' requires the firefox snap to be installed.
Please install it with:

snap install firefox

1664807248078	mozrunner::runner	INFO	Running command: "/usr/bin/firefox" "--marionette" "-headless" "--remote-debugging-port" "42133" "--remote-allow-hosts" "localhost" "-no-remote" "-profile" "/tmp/rust_mozprofile2Q488c"

Command '/usr/bin/firefox' requires the firefox snap to be installed.
Please install it with:

snap install firefox

1664807493439	geckodriver	INFO	Listening on 127.0.0.1:35687

Command '/usr/bin/firefox' requires the firefox snap to be installed.
Please install it with:

snap install firefox

1664807493968	mozrunner::runner	INFO	Running command: "/usr/bin/firefox" "--marionette" "-headless" "--remote-debugging-port" "49151" "--remote-allow-hosts" "localhost" "-no-remote" "-profile" "/tmp/rust_mozprofile9CUVgE"

Command '/usr/bin/firefox' requires the firefox snap to be installed.
Please install it with:

snap install firefox

1664808033650	geckodriver	INFO	Listening on 127.0.0.1:55227

Command '/usr/bin/firefox' requires the firefox snap to be installed.
Please install it with:

snap install firefox

1664808034256	mozrunner::runner	INFO	Running command: "/usr/bin/firefox" "--marionette" "-headless" "--remote-debugging-port" "50143" "--remote-allow-hosts" "localhost" "-no-remote" "-profile" "/tmp/rust_mozprofilektRCVM"

Command '/usr/bin/firefox' requires the firefox snap to be installed.
Please install it with:

snap install firefox

1664808219125	geckodriver	INFO	Listening on 127.0.0.1:45747

Command '/usr/bin/firefox' requires the firefox snap to be installed.
Please install it with:

snap install firefox

1664808219707	mozrunner::runner	INFO	Running command: "/usr/bin/firefox" "--marionette" "-headless" "--remote-debugging-port" "37729" "--remote-allow-hosts" "localhost" "-no-remote" "-profile" "/tmp/rust_mozprofile0dNnM5"

Command '/usr/bin/firefox' requires the firefox snap to be installed.
Please install it with:

snap install firefox

1664808600837	geckodriver	INFO	Listening on 127.0.0.1:40395

Command '/usr/bin/firefox' requires the firefox snap to be installed.
Please install it with:

snap install firefox

1664808601367	mozrunner::runner	INFO	Running command: "/usr/bin/firefox" "--marionette" "-headless" "--remote-debugging-port" "58561" "--remote-allow-hosts" "localhost" "-no-remote" "-profile" "/tmp/rust_mozprofileKWQGLy"

Command '/usr/bin/firefox' requires the firefox snap to be installed.
Please install it with:

snap install firefox

1664808931276	geckodriver	INFO	Listening on 127.0.0.1:39311

Command '/usr/bin/firefox' requires the firefox snap to be installed.
Please install it with:

snap install firefox

1664808931884	mozrunner::runner	INFO	Running command: "/usr/bin/firefox" "--marionette" "-headless" "--remote-debugging-port" "57947" "--remote-allow-hosts" "localhost" "-no-remote" "-profile" "/tmp/rust_mozprofilemcl38B"

Command '/usr/bin/firefox' requires the firefox snap to be installed.
Please install it with:

snap install firefox

1664809451115	geckodriver	INFO	Listening on 127.0.0.1:33925

Command '/usr/bin/firefox' requires the firefox snap to be installed.
Please install it with:

snap install firefox

1664809451724	mozrunner::runner	INFO	Running command: "/usr/bin/firefox" "--marionette" "-headless" "--remote-debugging-port" "45789" "--remote-allow-hosts" "localhost" "-no-remote" "-profile" "/tmp/rust_mozprofile0t1xJo"

Command '/usr/bin/firefox' requires the firefox snap to be installed.
Please install it with:

snap install firefox

1664809567361	geckodriver	INFO	Listening on 127.0.0.1:36459

Command '/usr/bin/firefox' requires the firefox snap to be installed.
Please install it with:

snap install firefox

1664809567949	mozrunner::runner	INFO	Running command: "/usr/bin/firefox" "--marionette" "-headless" "--remote-debugging-port" "60843" "--remote-allow-hosts" "localhost" "-no-remote" "-profile" "/tmp/rust_mozprofileSuftE6"

Command '/usr/bin/firefox' requires the firefox snap to be installed.
Please install it with:

snap install firefox

1664809688822	geckodriver	INFO	Listening on 127.0.0.1:34491

Command '/usr/bin/firefox' requires the firefox snap to be installed.
Please install it with:

snap install firefox

1664809689428	mozrunner::runner	INFO	Running command: "/usr/bin/firefox" "--marionette" "-headless" "--remote-debugging-port" "39853" "--remote-allow-hosts" "localhost" "-no-remote" "-profile" "/tmp/rust_mozprofileBeRnt7"

Command '/usr/bin/firefox' requires the firefox snap to be installed.
Please install it with:

snap install firefox

1664810160781	geckodriver	INFO	Listening on 127.0.0.1:40053

Command '/usr/bin/firefox' requires the firefox snap to be installed.
Please install it with:

snap install firefox

1664810161254	mozrunner::runner	INFO	Running command: "/usr/bin/firefox" "--marionette" "-headless" "--remote-debugging-port" "55293" "--remote-allow-hosts" "localhost" "-no-remote" "-profile" "/tmp/rust_mozprofile50IuIh"

Command '/usr/bin/firefox' requires the firefox snap to be installed.
Please install it with:

snap install firefox

1664810189173	geckodriver	INFO	Listening on 127.0.0.1:37743

Command '/usr/bin/firefox' requires the firefox snap to be installed.
Please install it with:

snap install firefox

1664810189776	mozrunner::runner	INFO	Running command: "/usr/bin/firefox" "--marionette" "-headless" "--remote-debugging-port" "53027" "--remote-allow-hosts" "localhost" "-no-remote" "-profile" "/tmp/rust_mozprofileR2Dp3B"

Command '/usr/bin/firefox' requires the firefox snap to be installed.
Please install it with:

snap install firefox

1664810435568	geckodriver	INFO	Listening on 127.0.0.1:45239

Command '/usr/bin/firefox' requires the firefox snap to be installed.
Please install it with:

snap install firefox

1664810436166	mozrunner::runner	INFO	Running command: "/usr/bin/firefox" "--marionette" "-headless" "--remote-debugging-port" "47859" "--remote-allow-hosts" "localhost" "-no-remote" "-profile" "/tmp/rust_mozprofiletDv70k"

Command '/usr/bin/firefox' requires the firefox snap to be installed.
Please install it with:

snap install firefox

1664810607207	geckodriver	INFO	Listening on 127.0.0.1:50885

Command '/usr/bin/firefox' requires the firefox snap to be installed.
Please install it with:

snap install firefox

1664810607800	mozrunner::runner	INFO	Running command: "/usr/bin/firefox" "--marionette" "--remote-debugging-port" "58029" "--remote-allow-hosts" "localhost" "-no-remote" "-profile" "/tmp/rust_mozprofile9lqSiQ"

Command '/usr/bin/firefox' requires the firefox snap to be installed.
Please install it with:

snap install firefox

1664811030973	geckodriver	INFO	Listening on 127.0.0.1:37457

Command '/usr/bin/firefox' requires the firefox snap to be installed.
Please install it with:

snap install firefox

1664811031569	mozrunner::runner	INFO	Running command: "/usr/bin/firefox" "--marionette" "-headless" "--remote-debugging-port" "48079" "--remote-allow-hosts" "localhost" "-no-remote" "-profile" "/tmp/rust_mozprofile3DjbGN"

Command '/usr/bin/firefox' requires the firefox snap to be installed.
Please install it with:

snap install firefox

1664811505626	geckodriver	INFO	Listening on 127.0.0.1:43331

Command '/usr/bin/firefox' requires the firefox snap to be installed.
Please install it with:

snap install firefox

1664811506115	mozrunner::runner	INFO	Running command: "/usr/bin/firefox" "--marionette" "-headless" "--remote-debugging-port" "57343" "--remote-allow-hosts" "localhost" "-no-remote" "-profile" "/tmp/rust_mozprofileqpmo9Z"

Command '/usr/bin/firefox' requires the firefox snap to be installed.
Please install it with:

snap install firefox

1664811513675	geckodriver	INFO	Listening on 127.0.0.1:34183

Command '/usr/bin/firefox' requires the firefox snap to be installed.
Please install it with:

snap install firefox

1664811514250	mozrunner::runner	INFO	Running command: "/usr/bin/firefox" "--marionette" "-headless" "--remote-debugging-port" "43271" "--remote-allow-hosts" "localhost" "-no-remote" "-profile" "/tmp/rust_mozprofilea8tsSi"

Command '/usr/bin/firefox' requires the firefox snap to be installed.
Please install it with:

snap install firefox

1664812040011	geckodriver	INFO	Listening on 127.0.0.1:47473

Command '/usr/bin/firefox' requires the firefox snap to be installed.
Please install it with:

snap install firefox

1664812040572	mozrunner::runner	INFO	Running command: "/usr/bin/firefox" "--marionette" "-headless" "--remote-debugging-port" "51849" "--remote-allow-hosts" "localhost" "-no-remote" "-profile" "/tmp/rust_mozprofilezO0swP"

Command '/usr/bin/firefox' requires the firefox snap to be installed.
Please install it with:

snap install firefox

1664812277316	geckodriver	INFO	Listening on 127.0.0.1:36909

Command '/usr/bin/firefox' requires the firefox snap to be installed.
Please install it with:

snap install firefox

1664812277766	mozrunner::runner	INFO	Running command: "/usr/bin/firefox" "--marionette" "-headless" "--remote-debugging-port" "35193" "--remote-allow-hosts" "localhost" "-no-remote" "-profile" "/tmp/rust_mozprofileUyvobr"

Command '/usr/bin/firefox' requires the firefox snap to be installed.
Please install it with:

snap install firefox

1664823851089	geckodriver	INFO	Listening on 127.0.0.1:55217

Command '/usr/bin/firefox' requires the firefox snap to be installed.
Please install it with:

snap install firefox

1664823851596	mozrunner::runner	INFO	Running command: "/usr/bin/firefox" "--marionette" "-headless" "--remote-debugging-port" "60327" "--remote-allow-hosts" "localhost" "-no-remote" "-profile" "/tmp/rust_mozprofile1fiiGZ"

Command '/usr/bin/firefox' requires the firefox snap to be installed.
Please install it with:

snap install firefox

1664823855386	geckodriver	INFO	Listening on 127.0.0.1:44731

Command '/usr/bin/firefox' requires the firefox snap to be installed.
Please install it with:

snap install firefox

1664823855926	mozrunner::runner	INFO	Running command: "/usr/bin/firefox" "--marionette" "-headless" "--remote-debugging-port" "57453" "--remote-allow-hosts" "localhost" "-no-remote" "-profile" "/tmp/rust_mozprofileFkVrlE"

Command '/usr/bin/firefox' requires the firefox snap to be installed.
Please install it with:

snap install firefox

